TN:
SF:/Users/farzanarassul/Projects/MeanTutorial/public/javascripts/angularApp.js
FN:6,(anonymous_1)
FN:14,(anonymous_2)
FN:24,(anonymous_3)
FN:33,(anonymous_4)
FN:37,(anonymous_5)
FN:38,(anonymous_6)
FN:42,(anonymous_7)
FN:43,(anonymous_8)
FN:47,(anonymous_9)
FN:48,(anonymous_10)
FN:52,(anonymous_11)
FN:53,(anonymous_12)
FN:57,(anonymous_13)
FN:60,(anonymous_14)
FN:62,(anonymous_15)
FN:73,(anonymous_16)
FN:77,(anonymous_17)
FN:89,(anonymous_18)
FN:98,(anonymous_19)
FN:102,(anonymous_20)
FN:107,(anonymous_21)
FN:113,(anonymous_22)
FNF:22
FNH:9
FNDA:4,(anonymous_1)
FNDA:2,(anonymous_2)
FNDA:0,(anonymous_3)
FNDA:2,(anonymous_4)
FNDA:2,(anonymous_5)
FNDA:2,(anonymous_6)
FNDA:1,(anonymous_7)
FNDA:1,(anonymous_8)
FNDA:0,(anonymous_9)
FNDA:0,(anonymous_10)
FNDA:0,(anonymous_11)
FNDA:0,(anonymous_12)
FNDA:0,(anonymous_13)
FNDA:0,(anonymous_14)
FNDA:0,(anonymous_15)
FNDA:4,(anonymous_16)
FNDA:3,(anonymous_17)
FNDA:0,(anonymous_18)
FNDA:0,(anonymous_19)
FNDA:0,(anonymous_20)
FNDA:0,(anonymous_21)
FNDA:0,(anonymous_22)
DA:1,1
DA:3,1
DA:8,4
DA:15,2
DA:25,0
DA:30,4
DA:33,1
DA:34,2
DA:37,2
DA:38,2
DA:39,2
DA:42,2
DA:43,1
DA:44,1
DA:47,2
DA:48,0
DA:49,0
DA:52,2
DA:53,0
DA:54,0
DA:57,2
DA:58,0
DA:60,2
DA:61,0
DA:63,0
DA:67,2
DA:70,1
DA:74,4
DA:75,4
DA:77,4
DA:79,3
DA:81,2
DA:85,2
DA:86,2
DA:89,4
DA:90,0
DA:94,1
DA:100,0
DA:102,0
DA:103,0
DA:104,0
DA:108,0
DA:110,0
DA:113,0
DA:114,0
LF:45
LH:28
BRDA:79,1,0,1
BRDA:79,1,1,2
BRDA:79,2,0,3
BRDA:79,2,1,2
BRDA:103,3,0,0
BRDA:103,3,1,0
BRF:6
BRH:4
end_of_record
